0 info it worked if it ends with ok
1 verbose cli [ 'node', '/usr/local/bin/npm', 'install' ]
2 info using npm@1.3.11
3 info using node@v0.10.21
4 warn package.json hm-sprite@0.0.0 No repository field.
5 verbose readDependencies using package.json deps
6 verbose install where, deps [ '/Users/wumingdan/Code/Git/smart-sprite-nodejs',
6 verbose install   [ 'cssom', 'pngjs', 'commander', 'imagemagick' ] ]
7 info preinstall hm-sprite@0.0.0
8 warn package.json pngjs@0.4.0 No repository field.
9 verbose readDependencies using package.json deps
10 verbose already installed skipping cssom@~0.2.5 /Users/wumingdan/Code/Git/smart-sprite-nodejs
11 verbose already installed skipping pngjs@~0.4.0 /Users/wumingdan/Code/Git/smart-sprite-nodejs
12 verbose already installed skipping commander@~2.0.0 /Users/wumingdan/Code/Git/smart-sprite-nodejs
13 verbose cache add [ 'imagemagick@http://github.com/msealand/node-imagemagick.git',
13 verbose cache add   null ]
14 verbose cache add name=undefined spec="imagemagick@http://github.com/msealand/node-imagemagick.git" args=["imagemagick@http://github.com/msealand/node-imagemagick.git",null]
15 verbose parsed url { protocol: null,
15 verbose parsed url   slashes: null,
15 verbose parsed url   auth: null,
15 verbose parsed url   host: null,
15 verbose parsed url   port: null,
15 verbose parsed url   hostname: null,
15 verbose parsed url   hash: null,
15 verbose parsed url   search: null,
15 verbose parsed url   query: null,
15 verbose parsed url   pathname: 'imagemagick@http://github.com/msealand/node-imagemagick.git',
15 verbose parsed url   path: 'imagemagick@http://github.com/msealand/node-imagemagick.git',
15 verbose parsed url   href: 'imagemagick@http://github.com/msealand/node-imagemagick.git' }
16 verbose cache add name="imagemagick" spec="http://github.com/msealand/node-imagemagick.git" args=["imagemagick","http://github.com/msealand/node-imagemagick.git"]
17 verbose parsed url { protocol: 'http:',
17 verbose parsed url   slashes: true,
17 verbose parsed url   auth: null,
17 verbose parsed url   host: 'github.com',
17 verbose parsed url   port: null,
17 verbose parsed url   hostname: 'github.com',
17 verbose parsed url   hash: null,
17 verbose parsed url   search: null,
17 verbose parsed url   query: null,
17 verbose parsed url   pathname: '/msealand/node-imagemagick.git',
17 verbose parsed url   path: '/msealand/node-imagemagick.git',
17 verbose parsed url   href: 'http://github.com/msealand/node-imagemagick.git' }
18 silly lockFile c4f2381c-om-msealand-node-imagemagick-git http://github.com/msealand/node-imagemagick.git
19 verbose lock http://github.com/msealand/node-imagemagick.git /Users/wumingdan/.npm/c4f2381c-om-msealand-node-imagemagick-git.lock
20 verbose addRemoteTarball [ 'http://github.com/msealand/node-imagemagick.git', null ]
21 info retry fetch attempt 1 at 14:51:15
22 verbose fetch to= /var/folders/cd/k1zdckks0blbj4nhspjkqqgm0000gn/T/npm-11977-QokBGZvN/1383807075582-0.8927246986422688/tmp.tgz
23 http GET http://github.com/msealand/node-imagemagick.git
24 http 200 http://github.com/msealand/node-imagemagick.git
25 verbose tar unpack /var/folders/cd/k1zdckks0blbj4nhspjkqqgm0000gn/T/npm-11977-QokBGZvN/1383807075582-0.8927246986422688/tmp.tgz
26 silly lockFile 479289c5-75582-0-8927246986422688-package tar:///var/folders/cd/k1zdckks0blbj4nhspjkqqgm0000gn/T/npm-11977-QokBGZvN/1383807075582-0.8927246986422688/package
27 verbose lock tar:///var/folders/cd/k1zdckks0blbj4nhspjkqqgm0000gn/T/npm-11977-QokBGZvN/1383807075582-0.8927246986422688/package /Users/wumingdan/.npm/479289c5-75582-0-8927246986422688-package.lock
28 silly lockFile a786869f-75582-0-8927246986422688-tmp-tgz tar:///var/folders/cd/k1zdckks0blbj4nhspjkqqgm0000gn/T/npm-11977-QokBGZvN/1383807075582-0.8927246986422688/tmp.tgz
29 verbose lock tar:///var/folders/cd/k1zdckks0blbj4nhspjkqqgm0000gn/T/npm-11977-QokBGZvN/1383807075582-0.8927246986422688/tmp.tgz /Users/wumingdan/.npm/a786869f-75582-0-8927246986422688-tmp-tgz.lock
30 silly gunzTarPerm modes [ '755', '644' ]
31 error not a package /var/folders/cd/k1zdckks0blbj4nhspjkqqgm0000gn/T/npm-11977-QokBGZvN/1383807075582-0.8927246986422688/tmp.tgz
32 silly lockFile 479289c5-75582-0-8927246986422688-package tar:///var/folders/cd/k1zdckks0blbj4nhspjkqqgm0000gn/T/npm-11977-QokBGZvN/1383807075582-0.8927246986422688/package
33 silly lockFile 479289c5-75582-0-8927246986422688-package tar:///var/folders/cd/k1zdckks0blbj4nhspjkqqgm0000gn/T/npm-11977-QokBGZvN/1383807075582-0.8927246986422688/package
34 silly lockFile a786869f-75582-0-8927246986422688-tmp-tgz tar:///var/folders/cd/k1zdckks0blbj4nhspjkqqgm0000gn/T/npm-11977-QokBGZvN/1383807075582-0.8927246986422688/tmp.tgz
35 silly lockFile a786869f-75582-0-8927246986422688-tmp-tgz tar:///var/folders/cd/k1zdckks0blbj4nhspjkqqgm0000gn/T/npm-11977-QokBGZvN/1383807075582-0.8927246986422688/tmp.tgz
36 silly lockFile c4f2381c-om-msealand-node-imagemagick-git http://github.com/msealand/node-imagemagick.git
37 silly lockFile c4f2381c-om-msealand-node-imagemagick-git http://github.com/msealand/node-imagemagick.git
38 error Error: ENOENT, open '/var/folders/cd/k1zdckks0blbj4nhspjkqqgm0000gn/T/npm-11977-QokBGZvN/1383807075582-0.8927246986422688/package/package.json'
39 error If you need help, you may report this log at:
39 error     <http://github.com/isaacs/npm/issues>
39 error or email it to:
39 error     <npm-@googlegroups.com>
40 error System Darwin 12.4.1
41 error command "node" "/usr/local/bin/npm" "install"
42 error cwd /Users/wumingdan/Code/Git/smart-sprite-nodejs
43 error node -v v0.10.21
44 error npm -v 1.3.11
45 error path /var/folders/cd/k1zdckks0blbj4nhspjkqqgm0000gn/T/npm-11977-QokBGZvN/1383807075582-0.8927246986422688/package/package.json
46 error code ENOENT
47 error errno 34
48 verbose exit [ 34, true ]
